<?xml version="1.0" encoding="UTF-8"?>
<!-- Generated by org.testng.reporters.JUnitReportReporter -->
<testsuite hostname="DESKTOP-910PMF1" failures="0" tests="1" name="testNGExecution.Test2" time="12.118" errors="0" timestamp="2023-07-17T20:37:28 IST" skipped="0">
  <testcase classname="testNGExecution.Test2" name="testMethod2" time="12.118">
    <system-out>
      <![CDATA[This is Remo TestNG Class!!]]>
    </system-out>
  </testcase> <!-- testMethod2 -->
  <system-out>
    <![CDATA[This is Demo TestNG Class!!
This is Remo TestNG Class!!
This is Sumo TestNG Class!!]]>
  </system-out>
</testsuite> <!-- testNGExecution.Test2 -->
