<?xml version="1.0" encoding="UTF-8"?>
<!-- Generated by org.testng.reporters.JUnitReportReporter -->
<testsuite hostname="DESKTOP-910PMF1" failures="0" tests="1" name="testNGP.Remo01" time="0.008" errors="0" timestamp="2023-07-17T20:05:07 IST" skipped="0">
  <testcase classname="testNGP.Remo01" name="g" time="0.008">
    <system-out>
      <![CDATA[This is Remo01 TestNG Class!!]]>
    </system-out>
  </testcase> <!-- g -->
  <system-out>
    <![CDATA[This is Remo01 TestNG Class!!
This is Sumo01 TestNG Class!!
This is Demo01 TestNG Class!!]]>
  </system-out>
</testsuite> <!-- testNGP.Remo01 -->
