<?xml version="1.0" encoding="UTF-8"?>
<!-- Generated by org.testng.reporters.JUnitReportReporter -->
<testsuite hostname="DESKTOP-910PMF1" failures="0" tests="1" name="testNGP.Sumo01" time="0.002" errors="0" timestamp="2023-07-17T20:05:07 IST" skipped="0">
  <testcase classname="testNGP.Sumo01" name="h" time="0.002">
    <system-out>
      <![CDATA[This is Sumo01 TestNG Class!!]]>
    </system-out>
  </testcase> <!-- h -->
  <system-out>
    <![CDATA[This is Remo01 TestNG Class!!
This is Sumo01 TestNG Class!!
This is Demo01 TestNG Class!!]]>
  </system-out>
</testsuite> <!-- testNGP.Sumo01 -->
