<?xml version="1.0" encoding="UTF-8"?>
<!-- Generated by org.testng.reporters.JUnitReportReporter -->
<testsuite hostname="DESKTOP-910PMF1" failures="0" tests="2" name="testNGP2.Demo2" time="0.004" errors="0" timestamp="2023-07-17T20:22:37 IST" skipped="0">
  <testcase classname="testNGP2.Demo2" name="method4" time="0.002">
    <system-out>
      <![CDATA[This is Method4]]>
    </system-out>
  </testcase> <!-- method4 -->
  <testcase classname="testNGP2.Demo2" name="method3" time="0.002">
    <system-out>
      <![CDATA[This is Method3]]>
    </system-out>
  </testcase> <!-- method3 -->
  <system-out>
    <![CDATA[This is Method1
This is Method2
This is Method3
This is Method4
This is Method5
This is Method6]]>
  </system-out>
</testsuite> <!-- testNGP2.Demo2 -->
