<?xml version="1.0" encoding="UTF-8"?>
<!-- Generated by org.testng.reporters.JUnitReportReporter -->
<testsuite hostname="DESKTOP-910PMF1" failures="0" tests="2" name="testNGExecution.SelectBrowser" time="14.933" errors="0" timestamp="2023-07-19T14:58:38 IST" skipped="0">
  <testcase classname="testNGExecution.SelectBrowser" name="chromeMethod" time="5.216"/>
  <testcase classname="testNGExecution.SelectBrowser" name="chromeMethod" time="9.717"/>
</testsuite> <!-- testNGExecution.SelectBrowser -->
