<?xml version="1.0" encoding="UTF-8"?>
<!-- Generated by org.testng.reporters.JUnitReportReporter -->
<testsuite hostname="DESKTOP-910PMF1" failures="0" tests="2" name="testNGExecution.TestMethod2" time="0.036" errors="0" timestamp="2023-07-18T15:16:19 IST" skipped="0">
  <testcase classname="testNGExecution.TestMethod2" name="testMethod4" time="0.009">
    <system-out>
      <![CDATA[thread id of testMethod4:22]]>
    </system-out>
  </testcase> <!-- testMethod4 -->
  <testcase classname="testNGExecution.TestMethod2" name="testMethod3" time="0.027">
    <system-out>
      <![CDATA[thread id of testMethod3:23]]>
    </system-out>
  </testcase> <!-- testMethod3 -->
  <system-out>
    <![CDATA[thread id of testMethod6:22
thread id of testMethod2:20
thread id of testMethod5:21
thread id of testMethod3:23
thread id of testMethod4:22
thread id of testMethod1:19]]>
  </system-out>
</testsuite> <!-- testNGExecution.TestMethod2 -->
