<?xml version="1.0" encoding="UTF-8"?>
<!-- Generated by org.testng.reporters.JUnitReportReporter -->
<testsuite hostname="DESKTOP-910PMF1" failures="0" tests="2" name="testNGAnnotation_Flags.Flag2" time="0.017" errors="0" timestamp="2023-07-20T16:53:46 IST" skipped="0">
  <testcase classname="testNGAnnotation_Flags.Flag2" name="method1" time="0.013">
    <system-out>
      <![CDATA[Method1 From flag2]]>
    </system-out>
  </testcase> <!-- method1 -->
  <testcase classname="testNGAnnotation_Flags.Flag2" name="method2" time="0.004">
    <system-out>
      <![CDATA[Method2 From flag2]]>
    </system-out>
  </testcase> <!-- method2 -->
  <system-out>
    <![CDATA[Method1 From flag2
Method2 From flag2]]>
  </system-out>
</testsuite> <!-- testNGAnnotation_Flags.Flag2 -->
