<?xml version="1.0" encoding="UTF-8"?>
<!-- Generated by org.testng.reporters.JUnitReportReporter -->
<testsuite hostname="DESKTOP-910PMF1" failures="0" tests="3" name="testNGAnnotation_Flags.GoogleSearchTestCase" time="19.190" errors="0" timestamp="2023-07-20T16:59:41 IST" skipped="0">
  <testcase classname="testNGAnnotation_Flags.GoogleSearchTestCase" name="search3" time="5.615"/>
  <testcase classname="testNGAnnotation_Flags.GoogleSearchTestCase" name="search1" time="7.756"/>
  <testcase classname="testNGAnnotation_Flags.GoogleSearchTestCase" name="search2" time="5.819"/>
</testsuite> <!-- testNGAnnotation_Flags.GoogleSearchTestCase -->
